Sender: LSF System <lsfadmin@lt04>
Subject: Job 13076178: <myjob_sup> in cluster <lila> Done

Job <myjob_sup> was submitted from host <lilac> by user <karbalaa> in cluster <lila> at Wed Oct 30 19:48:59 2019
Job was executed on host(s) <50*lt04>, in queue <gpuqueue>, as user <karbalaa> in cluster <lila> at Wed Oct 30 20:59:30 2019
</home/karbalaa> was used as the home directory.
</data/leslie/alireza/DIVA-master/paper_experiments/rotated_mnist/additional_unlabeled_domain/add_60/Jobs> was used as the working directory.
Started at Wed Oct 30 20:59:30 2019
Terminated at Thu Oct 31 01:15:36 2019
Results reported at Thu Oct 31 01:15:36 2019

Your job looked like:

------------------------------------------------------------
# LSBATCH: User input
#!/bin/bash

#BSUB -J myjob_sup
#BSUB -n 50
#BSUB -gpu "num=1"
#BSUB -R "span[hosts=1] rusage[mem=3]"
#BSUB -q gpuqueue
#BSUB -W 48:00
#BSUB -o myjob.%J.log


source ~/.bashrc
source activate my_conda_env

python ../rcc_experiment_only_sup.py --test_patient 5
python ../rcc_experiment_only_sup.py --test_patient 4
python ../rcc_experiment_only_sup.py --test_patient 3
python ../rcc_experiment_only_sup.py --test_patient 2
python ../rcc_experiment_only_sup.py --test_patient 1
python ../rcc_experiment_only_sup.py --test_patient 0

conda deactivate
source deactivate

------------------------------------------------------------

Successfully completed.

Resource usage summary:

    CPU time :                                   19197.00 sec.
    Max Memory :                                 91 GB
    Average Memory :                             34.20 GB
    Total Requested Memory :                     150.00 GB
    Delta Memory :                               59.00 GB
    Max Swap :                                   -
    Max Processes :                              7
    Max Threads :                                96
    Run time :                                   15368 sec.
    Turnaround time :                            19597 sec.

The output (if any) follows:

[2019-10-30 20:59:52,521] INFO - scvi._settings | Added StreamHandler with custom formatter to 'scvi' logger.
[2019-10-30 21:02:33,121] INFO - scvi.dataset.dataset | Downsampling from 16323 to 784 genes
[2019-10-30 21:02:34,642] INFO - scvi.dataset.dataset | Computing the library size for the new data
[2019-10-30 21:02:34,990] INFO - scvi.dataset.dataset | Filtering non-expressing cells.
[2019-10-30 21:02:35,702] INFO - scvi.dataset.dataset | Computing the library size for the new data
[2019-10-30 21:02:35,981] INFO - scvi.dataset.dataset | Downsampled from 129097 to 129097 cells
/lila/data/leslie/alireza/DIVA-master/paper_experiments/rotated_mnist/additional_unlabeled_domain/add_60
./
./rcc_test_domain_5_sup_only_seed_0
test domain: 5

Start training: Namespace(aux_loss_multiplier_d=2000.0, aux_loss_multiplier_y=4200.0, batch_size=100, beta_d=1.0, beta_x=1.0, beta_y=1.0, cuda=True, d_dim=5, epochs=200, lr=0.001, max_beta=1.0, min_beta=0.0, no_cuda=False, outpath='./', seed=0, test_patient=5, warmup=50, x_dim=784, y_dim=16, zd_dim=64, zx_dim=64, zy_dim=64)
1 epoch: avg loss 3484.34912109375, class y loss 0.4553109407424927 train accuracy d 0.96860487395418, y 0.8955685519556946, y_weighted 0.8783664592381928
time passed: 1.3794019142786662 mins
2 epoch: avg loss 2310.527099609375, class y loss 0.27111726999282837 train accuracy d 0.9770353001286461, y 0.9109422187348887, y_weighted 0.9023791978725828
time passed: 2.590805101394653 mins
3 epoch: avg loss 2075.79833984375, class y loss 0.2268766462802887 train accuracy d 0.9865332153316971, y 0.924199155132615, y_weighted 0.9164148114205704
time passed: 3.893523017565409 mins
4 epoch: avg loss 1925.5660400390625, class y loss 0.19535349309444427 train accuracy d 0.9924910814485005, y 0.9390436393164421, y_weighted 0.9309837937828491
time passed: 5.193948535124461 mins
5 epoch: avg loss 1779.5313720703125, class y loss 0.16728782653808594 train accuracy d 0.9931753692873371, y 0.9588697389669991, y_weighted 0.9517138035617649
time passed: 6.361297412713369 mins
6 epoch: avg loss 1664.12451171875, class y loss 0.14219194650650024 train accuracy d 0.9959946351833435, y 0.9638057352444732, y_weighted 0.9567404183789344
time passed: 7.55234305858612 mins
7 epoch: avg loss 1565.99560546875, class y loss 0.12207762897014618 train accuracy d 0.9934308367471694, y 0.9643714131912448, y_weighted 0.9555432866046039
time passed: 8.70685232480367 mins
8 epoch: avg loss 1496.0902099609375, class y loss 0.10657187551259995 train accuracy d 0.986998531062106, y 0.9772816437506273, y_weighted 0.9794648880749613
time passed: 9.864509840806326 mins
9 epoch: avg loss 1427.5899658203125, class y loss 0.09132462739944458 train accuracy d 0.9979015172942346, y 0.9581580796146091, y_weighted 0.9602391043788306
time passed: 11.031290515263874 mins
10 epoch: avg loss 1367.1744384765625, class y loss 0.07764024287462234 train accuracy d 0.9961132450754085, y 0.9841792651660994, y_weighted 0.9830737571683169
time passed: 12.154899779955546 mins
11 epoch: avg loss 1322.183349609375, class y loss 0.06822415441274643 train accuracy d 0.9978558981049789, y 0.9852650018703868, y_weighted 0.9851123941146991
time passed: 13.31001306772232 mins
12 epoch: avg loss 1291.3887939453125, class y loss 0.05985432118177414 train accuracy d 0.9981478609162158, y 0.9697544775234255, y_weighted 0.970449011607206
time passed: 14.48142991065979 mins
13 epoch: avg loss 1255.43212890625, class y loss 0.0532548651099205 train accuracy d 0.9876098281981333, y 0.9714606352015912, y_weighted 0.9600193917809707
time passed: 15.65794214407603 mins
14 epoch: avg loss 1239.4725341796875, class y loss 0.0477835051715374 train accuracy d 0.9968431521035008, y 0.9847358192750199, y_weighted 0.9855949812518132
time passed: 16.810771242777506 mins
15 epoch: avg loss 1224.4986572265625, class y loss 0.04499360918998718 train accuracy d 0.9931844931251882, y 0.9858671751685629, y_weighted 0.9881456967320674
time passed: 17.97284176747004 mins
16 epoch: avg loss 1205.770751953125, class y loss 0.04152502492070198 train accuracy d 0.9979927556727461, y 0.9885769550103556, y_weighted 0.9870910033347939
time passed: 19.129718120892843 mins
17 epoch: avg loss 1194.32763671875, class y loss 0.037629932165145874 train accuracy d 0.9989051394578615, y 0.9872813700354918, y_weighted 0.9876894369499777
time passed: 20.27677394549052 mins
18 epoch: avg loss 1182.1226806640625, class y loss 0.0351470410823822 train accuracy d 0.997682545185807, y 0.9896261963632382, y_weighted 0.9884165673197866
time passed: 21.44003432194392 mins
19 epoch: avg loss 1166.90576171875, class y loss 0.03181266784667969 train accuracy d 0.9991971022690985, y 0.9924089669078401, y_weighted 0.9928396117050292
time passed: 22.620367884635925 mins
20 epoch: avg loss 1171.7147216796875, class y loss 0.032542634755373 train accuracy d 0.9992062261069496, y 0.9922447378265193, y_weighted 0.990581343208523
time passed: 23.797562980651854 mins
21 epoch: avg loss 1158.9244384765625, class y loss 0.029929980635643005 train accuracy d 0.9987591580522431, y 0.9880204009014352, y_weighted 0.9903459617451911
time passed: 24.947644380728402 mins
22 epoch: avg loss 1156.8125, class y loss 0.02914225310087204 train accuracy d 0.9991332354041405, y 0.9786684671040027, y_weighted 0.979668699289409
time passed: 26.118568813800813 mins
23 epoch: avg loss 1144.5245361328125, class y loss 0.026041576638817787 train accuracy d 0.9991971022690985, y 0.991752050582557, y_weighted 0.9915595630370023
time passed: 27.274158028761544 mins
24 epoch: avg loss 1151.6650390625, class y loss 0.02685970813035965 train accuracy d 0.9990967400527357, y 0.9947264217220332, y_weighted 0.9953622628098056
time passed: 28.42096313635508 mins
25 epoch: avg loss 1138.41064453125, class y loss 0.024390101432800293 train accuracy d 0.9992700929719077, y 0.9936771803691504, y_weighted 0.9933344355790041
time passed: 29.570926733811696 mins
26 epoch: avg loss 1139.310546875, class y loss 0.024375146254897118 train accuracy d 0.9943158490187313, y 0.9855569646816237, y_weighted 0.9884444482818455
time passed: 30.719473433494567 mins
27 epoch: avg loss 1138.6387939453125, class y loss 0.024383332580327988 train accuracy d 0.9992974644854612, y 0.9936680565312993, y_weighted 0.9929437108525019
time passed: 31.89750807285309 mins
28 epoch: avg loss 1130.677490234375, class y loss 0.021601805463433266 train accuracy d 0.9989233871335639, y 0.9915330784741293, y_weighted 0.9931872195728662
time passed: 33.2028902053833 mins
29 epoch: avg loss 1132.5631103515625, class y loss 0.02231450565159321 train accuracy d 0.9987135388629873, y 0.9945713164785636, y_weighted 0.9941415963992651
time passed: 34.51061129967372 mins
30 epoch: avg loss 1124.375, class y loss 0.02066294103860855 train accuracy d 0.9991606069176938, y 0.991806793609664, y_weighted 0.9907386435653097
time passed: 35.82145873705546 mins
31 epoch: avg loss 1124.9505615234375, class y loss 0.020829487591981888 train accuracy d 0.9978194027535743, y 0.989434595768364, y_weighted 0.9923225427044645
time passed: 37.126464275519055 mins
32 epoch: avg loss 1130.0350341796875, class y loss 0.021092159673571587 train accuracy d 0.99857668129522, y 0.9932209884765928, y_weighted 0.9930209204875842
time passed: 38.295975303649904 mins
33 epoch: avg loss 1118.0540771484375, class y loss 0.0186559297144413 train accuracy d 0.9995894272966981, y 0.9985036905924108, y_weighted 0.9984607772993154
time passed: 39.4531732638677 mins
34 epoch: avg loss 1132.0863037109375, class y loss 0.021637247875332832 train accuracy d 0.9995711796209957, y 0.9943705920458381, y_weighted 0.9950526782109289
time passed: 40.59510914882024 mins
35 epoch: avg loss 1123.10205078125, class y loss 0.019411619752645493 train accuracy d 0.9996167988102516, y 0.9974818207530816, y_weighted 0.9972691790850483
time passed: 41.86087001164754 mins
36 epoch: avg loss 1114.123779296875, class y loss 0.017171990126371384 train accuracy d 0.9994525697289308, y 0.9957300438856601, y_weighted 0.9949947878290091
time passed: 43.16479140520096 mins
37 epoch: avg loss 1108.462890625, class y loss 0.01617114245891571 train accuracy d 0.99905112086348, y 0.9873634845761521, y_weighted 0.9859041440825025
time passed: 44.36042584180832 mins
38 epoch: avg loss 1114.93798828125, class y loss 0.016935568302869797 train accuracy d 0.999406950539675, y 0.984982162897001, y_weighted 0.9846649783590542
time passed: 45.50515116453171 mins
39 epoch: avg loss 1123.511962890625, class y loss 0.018703985959291458 train accuracy d 0.9997445325401677, y 0.9947994124248424, y_weighted 0.9948899809757812
time passed: 46.65715924898783 mins
40 epoch: avg loss 1119.089599609375, class y loss 0.01790962927043438 train accuracy d 0.9983212138353877, y 0.9966971706978823, y_weighted 0.9955233546972897
time passed: 47.81572587887446 mins
41 epoch: avg loss 1105.9090576171875, class y loss 0.014967894181609154 train accuracy d 0.9994708174046331, y 0.9968613997792031, y_weighted 0.9962497459329042
time passed: 48.97451281150182 mins
42 epoch: avg loss 1124.47900390625, class y loss 0.018685629591345787 train accuracy d 0.9996076749724004, y 0.9965146939408592, y_weighted 0.9969689072186043
time passed: 50.12665865421295 mins
43 epoch: avg loss 1103.97607421875, class y loss 0.014082780107855797 train accuracy d 0.9988868917821593, y 0.9972902201582073, y_weighted 0.9976584511723061
time passed: 51.279822492599486 mins
44 epoch: avg loss 1113.8331298828125, class y loss 0.01618763618171215 train accuracy d 0.9993795790261215, y 0.9954745764258277, y_weighted 0.9958188261621079
time passed: 52.437029882272086 mins
45 epoch: avg loss 1116.138427734375, class y loss 0.015903662890195847 train accuracy d 0.998987253998522, y 0.9934308367471694, y_weighted 0.99385901473039
time passed: 53.59002509911855 mins
46 epoch: avg loss 1108.9619140625, class y loss 0.014843523502349854 train accuracy d 0.9996167988102516, y 0.9961679881025154, y_weighted 0.9967059973691117
time passed: 54.74409995873769 mins
47 epoch: avg loss 1110.3328857421875, class y loss 0.015468288213014603 train accuracy d 0.9993795790261215, y 0.9967154183735847, y_weighted 0.9972598928500914
time passed: 55.865837665398914 mins
48 epoch: avg loss 1113.2607421875, class y loss 0.014923437498509884 train accuracy d 0.9996989133509119, y 0.9983303376732389, y_weighted 0.998508756247048
time passed: 56.997114737828575 mins
49 epoch: avg loss 1109.671142578125, class y loss 0.014551877044141293 train accuracy d 0.9990967400527357, y 0.9947355455598843, y_weighted 0.9946341779320558
time passed: 58.15739547411601 mins
50 epoch: avg loss 1112.3955078125, class y loss 0.015038295648992062 train accuracy d 0.9992335976205031, y 0.9952099851281443, y_weighted 0.9944857313715942
time passed: 59.31456791559855 mins
51 epoch: avg loss 1107.2762451171875, class y loss 0.013772250153124332 train accuracy d 0.9997992755672747, y 0.9986040528087735, y_weighted 0.9983554167069556
time passed: 60.46528109312057 mins
52 epoch: avg loss 1105.1075439453125, class y loss 0.014136722311377525 train accuracy d 0.9998266470808281, y 0.9979745079970439, y_weighted 0.9978581477752752
time passed: 61.62867830594381 mins
53 epoch: avg loss 1105.017822265625, class y loss 0.013851881958544254 train accuracy d 0.9998722662700839, y 0.9931388739359324, y_weighted 0.9939909629367318
time passed: 62.792860837777454 mins
54 epoch: avg loss 1100.8564453125, class y loss 0.013568361289799213 train accuracy d 0.9996259226481027, y 0.9985675574573689, y_weighted 0.9984616911522142
time passed: 63.962797315915424 mins
55 epoch: avg loss 1103.94970703125, class y loss 0.013936779461801052 train accuracy d 0.9987682818900943, y 0.9973814585367189, y_weighted 0.9971202367273571
time passed: 65.13129498958588 mins
56 epoch: avg loss 1100.036865234375, class y loss 0.012574308551847935 train accuracy d 0.99976278021587, y 0.9979471364834904, y_weighted 0.9979488631030169
time passed: 66.27044013341268 mins
57 epoch: avg loss 1097.653076171875, class y loss 0.013097495771944523 train accuracy d 0.9998996377836373, y 0.9985584336195177, y_weighted 0.9982139505233796
time passed: 67.39673663377762 mins
58 epoch: avg loss 1092.8673095703125, class y loss 0.011737845838069916 train accuracy d 0.9992518452962054, y 0.995547567128637, y_weighted 0.9961184311587821
time passed: 68.55959423383077 mins
59 epoch: avg loss 1098.2601318359375, class y loss 0.013039465062320232 train accuracy d 0.9998266470808281, y 0.9971168672390355, y_weighted 0.9977291031030526
time passed: 69.71805150111517 mins
60 epoch: avg loss 1097.752685546875, class y loss 0.01348520815372467 train accuracy d 0.9997262848644654, y 0.9971624864282912, y_weighted 0.9975251216514864
time passed: 70.86116002003352 mins
61 epoch: avg loss 1094.0498046875, class y loss 0.012287677265703678 train accuracy d 0.9998175232429769, y 0.9962592264810269, y_weighted 0.9963025408440142
time passed: 72.00496476093927 mins
62 epoch: avg loss 1093.753173828125, class y loss 0.012363567017018795 train accuracy d 0.9998905139457862, y 0.997563935293742, y_weighted 0.9973969101411374
time passed: 73.1521791100502 mins
63 epoch: avg loss 1088.246826171875, class y loss 0.011486891657114029 train accuracy d 0.9998448947565304, y 0.9954472049122743, y_weighted 0.9956683846090547
time passed: 74.29364566802978 mins
64 epoch: avg loss 1090.3443603515625, class y loss 0.011951112188398838 train accuracy d 0.9997992755672747, y 0.9989690063228196, y_weighted 0.9988369791710806
time passed: 75.44661884705225 mins
65 epoch: avg loss 1086.7431640625, class y loss 0.011494535021483898 train accuracy d 0.9998357709186793, y 0.9980474986998531, y_weighted 0.9980175433953162
time passed: 76.60466523170471 mins
66 epoch: avg loss 1093.5821533203125, class y loss 0.012471860274672508 train accuracy d 0.9995985511345492, y 0.9881755061449048, y_weighted 0.9887980464032753
time passed: 77.78238052129745 mins
67 epoch: avg loss 1084.6817626953125, class y loss 0.010871578007936478 train accuracy d 0.9998996377836373, y 0.9980018795105974, y_weighted 0.9976588444851303
time passed: 78.96486215194066 mins
68 epoch: avg loss 1083.5794677734375, class y loss 0.0108492411673069 train accuracy d 0.9998175232429769, y 0.9977190405372116, y_weighted 0.9978261034484157
time passed: 80.1212703704834 mins
69 epoch: avg loss 1083.9024658203125, class y loss 0.010870594531297684 train accuracy d 0.9991514830798427, y 0.9974270777259746, y_weighted 0.9974497830650464
time passed: 81.28194704850515 mins
70 epoch: avg loss 1082.1719970703125, class y loss 0.010721717029809952 train accuracy d 0.9998722662700839, y 0.9985219382681131, y_weighted 0.9977168386258181
time passed: 82.44621557792028 mins
71 epoch: avg loss 1079.0579833984375, class y loss 0.010301920585334301 train accuracy d 0.9996167988102516, y 0.9975365637801885, y_weighted 0.9974692792430659
time passed: 83.61231067180634 mins
72 epoch: avg loss 1079.38720703125, class y loss 0.01000561285763979 train accuracy d 0.9997536563780188, y 0.9970712480497796, y_weighted 0.997491236256737
time passed: 84.76354348262151 mins
73 epoch: avg loss 1079.3155517578125, class y loss 0.010186995379626751 train accuracy d 0.99976278021587, y 0.9986223004844758, y_weighted 0.998600021250392
time passed: 85.91164197127024 mins
74 epoch: avg loss 1085.2958984375, class y loss 0.011496548540890217 train accuracy d 0.9994799412424843, y 0.9979288888077881, y_weighted 0.9978372774129303
time passed: 87.08298412958781 mins
75 epoch: avg loss 1076.2203369140625, class y loss 0.009710419923067093 train accuracy d 0.999881390107935, y 0.998932510971415, y_weighted 0.9988019710616112
time passed: 88.24328966140747 mins
76 epoch: avg loss 1082.454833984375, class y loss 0.010901767760515213 train accuracy d 0.9998631424322327, y 0.9960037590211946, y_weighted 0.9952207087462843
time passed: 89.43106705745062 mins
77 epoch: avg loss 1076.3065185546875, class y loss 0.009975534863770008 train accuracy d 0.9998722662700839, y 0.9979562603213415, y_weighted 0.9977441192424079
time passed: 90.57352524201075 mins
78 epoch: avg loss 1075.6407470703125, class y loss 0.009589687921106815 train accuracy d 0.9998905139457862, y 0.9974544492395281, y_weighted 0.9976538432737225
time passed: 91.7603347659111 mins
79 epoch: avg loss 1079.0140380859375, class y loss 0.010329028591513634 train accuracy d 0.9998631424322327, y 0.9987956534036477, y_weighted 0.9989318567493763
time passed: 92.95520770549774 mins
80 epoch: avg loss 1076.0679931640625, class y loss 0.010221167467534542 train accuracy d 0.9998083994051258, y 0.9985949289709223, y_weighted 0.9985366657838366
time passed: 94.14272886912028 mins
81 epoch: avg loss 1071.6160888671875, class y loss 0.008840949274599552 train accuracy d 0.9998905139457862, y 0.9987682818900943, y_weighted 0.9989554517756408
time passed: 95.3178745428721 mins
82 epoch: avg loss 1077.2269287109375, class y loss 0.010466319508850574 train accuracy d 0.9997901517294234, y 0.9987135388629873, y_weighted 0.998470359936395
time passed: 96.47268118460973 mins
83 epoch: avg loss 1070.7979736328125, class y loss 0.009144715964794159 train accuracy d 0.9997080371887631, y 0.9990419970256289, y_weighted 0.998561505488663
time passed: 97.6511743148168 mins
84 epoch: avg loss 1070.189453125, class y loss 0.00911647267639637 train accuracy d 0.9997536563780188, y 0.9985949289709223, y_weighted 0.9985220498189553
time passed: 98.83776278495789 mins
85 epoch: avg loss 1072.8397216796875, class y loss 0.009824175387620926 train accuracy d 0.9996167988102516, y 0.998987253998522, y_weighted 0.9989689038786085
time passed: 100.00596002737682 mins
86 epoch: avg loss 1071.3577880859375, class y loss 0.009221221320331097 train accuracy d 0.9998631424322327, y 0.9977737835643185, y_weighted 0.9975490873743027
time passed: 101.16249083280563 mins
87 epoch: avg loss 1071.396484375, class y loss 0.009736932814121246 train accuracy d 0.9998722662700839, y 0.9978376504292765, y_weighted 0.9975084689356096
time passed: 102.31456999381383 mins
88 epoch: avg loss 1071.085205078125, class y loss 0.009621866047382355 train accuracy d 0.9999178854593396, y 0.99881390107935, y_weighted 0.9988618311296165
time passed: 103.47187229792277 mins
89 epoch: avg loss 1068.7335205078125, class y loss 0.008958027698099613 train accuracy d 0.9995894272966981, y 0.9980931178891089, y_weighted 0.9981769137359939
time passed: 104.64667690594992 mins
90 epoch: avg loss 1072.862548828125, class y loss 0.009553858079016209 train accuracy d 0.9998722662700839, y 0.9988321487550523, y_weighted 0.9989298919068809
time passed: 105.82663798729578 mins
91 epoch: avg loss 1060.597412109375, class y loss 0.007783413864672184 train accuracy d 0.9996624179995073, y 0.9982208516190251, y_weighted 0.9984405383149397
time passed: 106.99700368642807 mins
92 epoch: avg loss 1069.9476318359375, class y loss 0.009460602886974812 train accuracy d 0.9997810278915723, y 0.9965329416165616, y_weighted 0.9969172118478056
time passed: 108.16504671176274 mins
93 epoch: avg loss 1065.8154296875, class y loss 0.009015128016471863 train accuracy d 0.9994616935667819, y 0.9972446009689516, y_weighted 0.9980175888574563
time passed: 109.34407742818196 mins
94 epoch: avg loss 1062.890869140625, class y loss 0.008101181127130985 train accuracy d 0.999644170323805, y 0.9989507586471174, y_weighted 0.9989030759756639
time passed: 110.51012889146804 mins
95 epoch: avg loss 1067.37939453125, class y loss 0.008964941836893559 train accuracy d 0.9998266470808281, y 0.9987956534036477, y_weighted 0.998697460629022
time passed: 111.66630689303081 mins
96 epoch: avg loss 1066.989013671875, class y loss 0.009198792278766632 train accuracy d 0.9998448947565304, y 0.9973449631853143, y_weighted 0.9977820545788286
time passed: 112.82890773614248 mins
97 epoch: avg loss 1064.7557373046875, class y loss 0.00877697579562664 train accuracy d 0.9998996377836373, y 0.9989507586471174, y_weighted 0.9988809448190221
time passed: 113.99852956533432 mins
98 epoch: avg loss 1064.125, class y loss 0.008586880750954151 train accuracy d 0.9996259226481027, y 0.9990876162148846, y_weighted 0.9991239185412377
time passed: 115.17740698258082 mins
99 epoch: avg loss 1062.908203125, class y loss 0.008329378440976143 train accuracy d 0.9995073127560377, y 0.9991332354041405, y_weighted 0.9992697784349409
time passed: 116.3683078845342 mins
100 epoch: avg loss 1060.95458984375, class y loss 0.008139025419950485 train accuracy d 0.9998631424322327, y 0.998156984754067, y_weighted 0.9984263309451081
time passed: 117.54758006731669 mins
101 epoch: avg loss 1061.2579345703125, class y loss 0.008536438457667828 train accuracy d 0.9997536563780188, y 0.9986405481601781, y_weighted 0.9987301624058369
time passed: 118.69654700756072 mins
102 epoch: avg loss 1060.619140625, class y loss 0.00846709031611681 train accuracy d 0.9997445325401677, y 0.999580303458847, y_weighted 0.9995432888218333
time passed: 119.86268018484115 mins
103 epoch: avg loss 1061.67431640625, class y loss 0.008687031455338001 train accuracy d 0.9995073127560377, y 0.9926918058812259, y_weighted 0.9932068469014784
time passed: 121.02484095891317 mins
104 epoch: avg loss 1054.591552734375, class y loss 0.007273843511939049 train accuracy d 0.9997901517294234, y 0.9991149877284381, y_weighted 0.999167137735711
time passed: 122.1782306432724 mins
105 epoch: avg loss 1053.8795166015625, class y loss 0.007117496803402901 train accuracy d 0.9999087616214885, y 0.999105863890587, y_weighted 0.9990492016157559
time passed: 123.35828582843145 mins
106 epoch: avg loss 1052.2122802734375, class y loss 0.007029252126812935 train accuracy d 0.9999817523242976, y 0.9981113655648112, y_weighted 0.9987585929131053
time passed: 124.53973705768585 mins
107 epoch: avg loss 1050.3656005859375, class y loss 0.006647576577961445 train accuracy d 0.9998996377836373, y 0.998631424322327, y_weighted 0.998701614060745
time passed: 125.73285269737244 mins
108 epoch: avg loss 1050.7041015625, class y loss 0.006639356259256601 train accuracy d 0.9998905139457862, y 0.999580303458847, y_weighted 0.9993121891401343
time passed: 126.88929631312688 mins
109 epoch: avg loss 1047.0970458984375, class y loss 0.006020733155310154 train accuracy d 0.9999178854593396, y 0.9991606069176938, y_weighted 0.9993013135353417
time passed: 128.04958582719166 mins
110 epoch: avg loss 1047.262939453125, class y loss 0.0058374772779643536 train accuracy d 0.9998722662700839, y 0.9997080371887631, y_weighted 0.9996759238668
time passed: 129.20734352668126 mins
111 epoch: avg loss 1048.793701171875, class y loss 0.005986036267131567 train accuracy d 0.9991241115662892, y 0.9997810278915723, y_weighted 0.9997387859437692
time passed: 130.3866940220197 mins
112 epoch: avg loss 1047.6728515625, class y loss 0.005957684479653835 train accuracy d 0.999881390107935, y 0.9997719040537212, y_weighted 0.9997516317350883
time passed: 131.554292567571 mins
113 epoch: avg loss 1045.37646484375, class y loss 0.005759010091423988 train accuracy d 0.9999270092971908, y 0.9995346842695911, y_weighted 0.9989551553350903
time passed: 132.71303683519363 mins
114 epoch: avg loss 1045.734375, class y loss 0.005441561341285706 train accuracy d 0.9999270092971908, y 0.9997080371887631, y_weighted 0.9997497902337431
time passed: 133.8770483414332 mins
115 epoch: avg loss 1044.7392578125, class y loss 0.00528733991086483 train accuracy d 0.9999635046485954, y 0.9995894272966981, y_weighted 0.999619825079508
time passed: 135.0331022699674 mins
116 epoch: avg loss 1045.8739013671875, class y loss 0.005173391662538052 train accuracy d 0.9994890650803354, y 0.9998996377836373, y_weighted 0.9998845409446698
time passed: 136.18893388112386 mins
117 epoch: avg loss 1043.92236328125, class y loss 0.005120786838233471 train accuracy d 0.9999817523242976, y 0.9999543808107443, y_weighted 0.999956916340712
time passed: 137.34140840768814 mins
118 epoch: avg loss 1042.858154296875, class y loss 0.005026201251894236 train accuracy d 0.9999726284864465, y 0.9997445325401677, y_weighted 0.9997568380642997
time passed: 138.50011590321859 mins
119 epoch: avg loss 1043.8690185546875, class y loss 0.00496292719617486 train accuracy d 0.9998631424322327, y 0.9996624179995073, y_weighted 0.9998067519682433
time passed: 139.6586271603902 mins
120 epoch: avg loss 1044.34716796875, class y loss 0.005014329217374325 train accuracy d 0.9999908761621489, y 0.9998722662700839, y_weighted 0.9998802302773571
time passed: 140.8149485429128 mins
121 epoch: avg loss 1044.36767578125, class y loss 0.004689526744186878 train accuracy d 0.9999817523242976, y 0.9997992755672747, y_weighted 0.9997805969740112
time passed: 141.9654347340266 mins
122 epoch: avg loss 1044.23095703125, class y loss 0.004607015755027533 train accuracy d 0.999881390107935, y 0.9995894272966981, y_weighted 0.999588525501644
time passed: 143.14378628730773 mins
123 epoch: avg loss 1045.82763671875, class y loss 0.004967892542481422 train accuracy d 0.9998175232429769, y 0.9998631424322327, y_weighted 0.9998929440018982
time passed: 144.33350115617117 mins
124 epoch: avg loss 1043.2353515625, class y loss 0.004165053367614746 train accuracy d 0.9999087616214885, y 0.9997354087023166, y_weighted 0.9997149562452179
time passed: 145.51870393753052 mins
125 epoch: avg loss 1043.3194580078125, class y loss 0.004535183310508728 train accuracy d 0.9999087616214885, y 0.9999543808107443, y_weighted 0.9999481125339837
time passed: 146.70974982976912 mins
126 epoch: avg loss 1042.939453125, class y loss 0.004396168980747461 train accuracy d 0.999945256972893, y 0.9999908761621489, y_weighted 0.9999910291373618
time passed: 147.9042178471883 mins
127 epoch: avg loss 1045.6876220703125, class y loss 0.00523183960467577 train accuracy d 1.0, y 0.9999543808107443, y_weighted 0.9999537268395403
time passed: 149.09993309577305 mins
128 epoch: avg loss 1045.8778076171875, class y loss 0.004716760944575071 train accuracy d 0.9999087616214885, y 0.9999361331350419, y_weighted 0.9999332711416747
time passed: 150.26571659644443 mins
129 epoch: avg loss 1046.6239013671875, class y loss 0.004961052909493446 train accuracy d 1.0, y 0.9999635046485954, y_weighted 0.9999697896075116
time passed: 151.42363424698513 mins
130 epoch: avg loss 1045.3870849609375, class y loss 0.004584366921335459 train accuracy d 0.999945256972893, y 0.9999543808107443, y_weighted 0.9999323746418053
time passed: 152.58696255286534 mins
131 epoch: avg loss 1043.9210205078125, class y loss 0.004713364411145449 train accuracy d 0.9999726284864465, y 0.9998631424322327, y_weighted 0.9998037172518977
time passed: 153.74748651186624 mins
132 epoch: avg loss 1047.28662109375, class y loss 0.004703089129179716 train accuracy d 0.9999726284864465, y 0.9999543808107443, y_weighted 0.9999571692002922
time passed: 154.93048573732375 mins
133 epoch: avg loss 1046.77978515625, class y loss 0.004919716622680426 train accuracy d 0.9999361331350419, y 0.9999543808107443, y_weighted 0.9999447473937111
time passed: 156.09209131002427 mins
134 epoch: avg loss 1045.3343505859375, class y loss 0.004440808668732643 train accuracy d 1.0, y 0.9999908761621489, y_weighted 0.9999911573288058
time passed: 157.26836326917012 mins
135 epoch: avg loss 1046.89990234375, class y loss 0.0051489658653736115 train accuracy d 0.9999178854593396, y 0.9999817523242976, y_weighted 0.9999813488510892
time passed: 158.5734182159106 mins
136 epoch: avg loss 1047.307861328125, class y loss 0.004730545915663242 train accuracy d 0.9999817523242976, y 0.9999817523242976, y_weighted 0.9999753694581281
time passed: 159.77105834086737 mins
137 epoch: avg loss 1048.1571044921875, class y loss 0.004917072132229805 train accuracy d 1.0, y 0.9999908761621489, y_weighted 0.9999960615035604
time passed: 160.9331334511439 mins
138 epoch: avg loss 1045.70361328125, class y loss 0.004578682594001293 train accuracy d 1.0, y 0.9999726284864465, y_weighted 0.999965562036237
time passed: 162.096055718263 mins
139 epoch: avg loss 1048.87646484375, class y loss 0.0047866120003163815 train accuracy d 0.9999817523242976, y 0.9997262848644654, y_weighted 0.9997323361326393
time passed: 163.4012347737948 mins
140 epoch: avg loss 1043.550537109375, class y loss 0.004045822657644749 train accuracy d 1.0, y 0.9999817523242976, y_weighted 0.9999817035629065
time passed: 164.55944797197978 mins
141 epoch: avg loss 1046.330078125, class y loss 0.0044311173260211945 train accuracy d 0.9999635046485954, y 1.0, y_weighted 1.0
time passed: 165.71499036550523 mins
142 epoch: avg loss 1046.6328125, class y loss 0.004502029158174992 train accuracy d 1.0, y 0.9999635046485954, y_weighted 0.9999586503473371
time passed: 166.87838090658187 mins
143 epoch: avg loss 1046.2647705078125, class y loss 0.004270833916962147 train accuracy d 0.9999908761621489, y 0.9999543808107443, y_weighted 0.9999614871135578
time passed: 168.03650964895886 mins
144 epoch: avg loss 1048.9774169921875, class y loss 0.004942367784678936 train accuracy d 0.9999908761621489, y 0.999881390107935, y_weighted 0.9998353449717174
time passed: 169.1936516880989 mins
145 epoch: avg loss 1047.4302978515625, class y loss 0.0044832914136350155 train accuracy d 1.0, y 0.9999817523242976, y_weighted 0.9999787605864291
time passed: 170.3531645377477 mins
146 epoch: avg loss 1045.3101806640625, class y loss 0.004279574379324913 train accuracy d 0.9999270092971908, y 0.9999270092971908, y_weighted 0.9999256578392612
time passed: 171.5297857761383 mins
147 epoch: avg loss 1051.00390625, class y loss 0.00529676117002964 train accuracy d 1.0, y 0.9999726284864465, y_weighted 0.9999687873603152
time passed: 172.7052825331688 mins
148 epoch: avg loss 1052.5916748046875, class y loss 0.005030497442930937 train accuracy d 1.0, y 0.9999361331350419, y_weighted 0.9999457508243983
time passed: 173.87946680784225 mins
149 epoch: avg loss 1050.188720703125, class y loss 0.0050050364807248116 train accuracy d 0.9999908761621489, y 0.9999270092971908, y_weighted 0.9999235298022421
time passed: 175.03011330366135 mins
150 epoch: avg loss 1047.764892578125, class y loss 0.004602441098541021 train accuracy d 0.9998631424322327, y 0.9999726284864465, y_weighted 0.9999632250261576
time passed: 176.1916238506635 mins
151 epoch: avg loss 1049.9012451171875, class y loss 0.004830982070416212 train accuracy d 1.0, y 0.9999817523242976, y_weighted 0.9999753694581281
time passed: 177.35610111554465 mins
152 epoch: avg loss 1050.4168701171875, class y loss 0.005107139702886343 train accuracy d 1.0, y 1.0, y_weighted 1.0
time passed: 178.51380460659664 mins
153 epoch: avg loss 1049.4930419921875, class y loss 0.00476839579641819 train accuracy d 1.0, y 0.9998905139457862, y_weighted 0.9999037631681091
time passed: 179.6769650499026 mins
154 epoch: avg loss 1051.767822265625, class y loss 0.005039876792579889 train accuracy d 0.9999726284864465, y 0.9999635046485954, y_weighted 0.9999631930139712
time passed: 180.8308122197787 mins
155 epoch: avg loss 1052.8447265625, class y loss 0.0054437327198684216 train accuracy d 1.0, y 0.9999908761621489, y_weighted 0.9999876847290641
time passed: 182.01418156226475 mins
156 epoch: avg loss 1052.0599365234375, class y loss 0.005157422740012407 train accuracy d 0.9999908761621489, y 1.0, y_weighted 1.0
time passed: 183.18227896293004 mins
157 epoch: avg loss 1049.3123779296875, class y loss 0.004715376067906618 train accuracy d 1.0, y 0.9999908761621489, y_weighted 0.9999927887388946
time passed: 184.3422146042188 mins
158 epoch: avg loss 1049.8800048828125, class y loss 0.004751294385641813 train accuracy d 0.9999908761621489, y 1.0, y_weighted 1.0
time passed: 185.46363149881364 mins
159 epoch: avg loss 1053.7301025390625, class y loss 0.00502617796882987 train accuracy d 0.9999908761621489, y 1.0, y_weighted 1.0
time passed: 186.64557960033417 mins
160 epoch: avg loss 1052.3292236328125, class y loss 0.004969586618244648 train accuracy d 0.9999908761621489, y 1.0, y_weighted 1.0
time passed: 187.82358391682308 mins
161 epoch: avg loss 1049.9283447265625, class y loss 0.004970899783074856 train accuracy d 1.0, y 1.0, y_weighted 1.0
time passed: 188.98923083941142 mins
162 epoch: avg loss 1049.3099365234375, class y loss 0.00456471461802721 train accuracy d 1.0, y 0.9999908761621489, y_weighted 0.9999842131851477
time passed: 190.15319646596907 mins
163 epoch: avg loss 1052.398681640625, class y loss 0.005097073968499899 train accuracy d 1.0, y 0.9999635046485954, y_weighted 0.999952402806348
time passed: 191.3327302455902 mins
164 epoch: avg loss 1052.322509765625, class y loss 0.005264456383883953 train accuracy d 1.0, y 0.9999908761621489, y_weighted 0.9999940311336071
time passed: 192.49229482412338 mins
165 epoch: avg loss 1053.836669921875, class y loss 0.005527119617909193 train accuracy d 1.0, y 1.0, y_weighted 1.0
time passed: 193.6483767271042 mins
166 epoch: avg loss 1051.6396484375, class y loss 0.005055257584899664 train accuracy d 1.0, y 1.0, y_weighted 1.0
time passed: 194.82580624818803 mins
167 epoch: avg loss 1049.236083984375, class y loss 0.004653917159885168 train accuracy d 0.9999726284864465, y 1.0, y_weighted 1.0
time passed: 195.9966103076935 mins
168 epoch: avg loss 1053.1588134765625, class y loss 0.005478911567479372 train accuracy d 1.0, y 1.0, y_weighted 1.0
time passed: 197.14421049753824 mins
169 epoch: avg loss 1052.323486328125, class y loss 0.00499176699668169 train accuracy d 1.0, y 1.0, y_weighted 1.0
time passed: 198.30809683005015 mins
170 epoch: avg loss 1052.1397705078125, class y loss 0.005267501343041658 train accuracy d 1.0, y 1.0, y_weighted 1.0
time passed: 199.4648346543312 mins
171 epoch: avg loss 1053.6558837890625, class y loss 0.005256590899080038 train accuracy d 1.0, y 1.0, y_weighted 1.0
time passed: 200.62882005373638 mins
172 epoch: avg loss 1051.076171875, class y loss 0.004910484421998262 train accuracy d 1.0, y 1.0, y_weighted 1.0
time passed: 201.79759423335392 mins
173 epoch: avg loss 1053.33349609375, class y loss 0.005063509102910757 train accuracy d 0.9999908761621489, y 1.0, y_weighted 1.0
time passed: 202.94529949426652 mins
174 epoch: avg loss 1053.7855224609375, class y loss 0.005306384526193142 train accuracy d 0.9999908761621489, y 0.9999908761621489, y_weighted 0.9999911573288058
time passed: 204.10328027009965 mins
175 epoch: avg loss 1049.4334716796875, class y loss 0.004695651587098837 train accuracy d 1.0, y 1.0, y_weighted 1.0
time passed: 205.26255474090576 mins
176 epoch: avg loss 1054.7823486328125, class y loss 0.00523584196344018 train accuracy d 1.0, y 1.0, y_weighted 1.0
time passed: 206.40860929091772 mins
177 epoch: avg loss 1054.94677734375, class y loss 0.005466562230139971 train accuracy d 1.0, y 0.9999908761621489, y_weighted 0.9999876847290641
time passed: 207.56901381810505 mins
178 epoch: avg loss 1052.8570556640625, class y loss 0.005197752732783556 train accuracy d 1.0, y 1.0, y_weighted 1.0
time passed: 208.76555928786595 mins
179 epoch: avg loss 1050.541015625, class y loss 0.0046861241571605206 train accuracy d 1.0, y 1.0, y_weighted 1.0
time passed: 209.93244907458623 mins
180 epoch: avg loss 1054.7808837890625, class y loss 0.0056805419735610485 train accuracy d 1.0, y 1.0, y_weighted 1.0
time passed: 211.09120606184007 mins
181 epoch: avg loss 1053.7147216796875, class y loss 0.004872677382081747 train accuracy d 0.9999908761621489, y 0.9999635046485954, y_weighted 0.9999640305202828
time passed: 212.2563889145851 mins
182 epoch: avg loss 1052.66162109375, class y loss 0.00513324374333024 train accuracy d 1.0, y 1.0, y_weighted 1.0
time passed: 213.43477307955425 mins
183 epoch: avg loss 1052.8538818359375, class y loss 0.005182221531867981 train accuracy d 1.0, y 1.0, y_weighted 1.0
time passed: 214.62278546889624 mins
184 epoch: avg loss 1047.98583984375, class y loss 0.0044126748107373714 train accuracy d 1.0, y 1.0, y_weighted 1.0
time passed: 215.8150432507197 mins
185 epoch: avg loss 1053.5157470703125, class y loss 0.005341597832739353 train accuracy d 1.0, y 1.0, y_weighted 1.0
time passed: 216.96553992033006 mins
186 epoch: avg loss 1052.701904296875, class y loss 0.00494972663000226 train accuracy d 0.9999908761621489, y 1.0, y_weighted 1.0
time passed: 218.12160632212957 mins
187 epoch: avg loss 1051.88671875, class y loss 0.005123109556734562 train accuracy d 1.0, y 0.9999908761621489, y_weighted 0.9999940311336071
time passed: 219.2949883699417 mins
188 epoch: avg loss 1053.0389404296875, class y loss 0.005024785175919533 train accuracy d 1.0, y 0.9999817523242976, y_weighted 0.9999817158626711
time passed: 220.45116783777874 mins
189 epoch: avg loss 1051.412109375, class y loss 0.004988222382962704 train accuracy d 1.0, y 1.0, y_weighted 1.0
time passed: 221.60552000602087 mins
190 epoch: avg loss 1052.74169921875, class y loss 0.00510782515630126 train accuracy d 0.9999908761621489, y 0.9999635046485954, y_weighted 0.9999558743502642
time passed: 222.75709081888198 mins
191 epoch: avg loss 1052.1314697265625, class y loss 0.005109285470098257 train accuracy d 1.0, y 1.0, y_weighted 1.0
time passed: 223.91708474556606 mins
192 epoch: avg loss 1055.1826171875, class y loss 0.005892500746995211 train accuracy d 1.0, y 1.0, y_weighted 1.0
time passed: 225.06441561778385 mins
193 epoch: avg loss 1054.9456787109375, class y loss 0.00549667002633214 train accuracy d 1.0, y 1.0, y_weighted 1.0
time passed: 226.2272124648094 mins
194 epoch: avg loss 1054.3731689453125, class y loss 0.005119179375469685 train accuracy d 1.0, y 1.0, y_weighted 1.0
time passed: 227.38217693169912 mins
195 epoch: avg loss 1053.102783203125, class y loss 0.005246818996965885 train accuracy d 1.0, y 1.0, y_weighted 1.0
time passed: 228.54174863497417 mins
196 epoch: avg loss 1052.345947265625, class y loss 0.005261342041194439 train accuracy d 1.0, y 1.0, y_weighted 1.0
time passed: 229.83610186576843 mins
197 epoch: avg loss 1055.3790283203125, class y loss 0.005397051107138395 train accuracy d 1.0, y 1.0, y_weighted 1.0
time passed: 231.13654616673787 mins
198 epoch: avg loss 1055.56591796875, class y loss 0.005292175337672234 train accuracy d 1.0, y 1.0, y_weighted 1.0
time passed: 232.42647032737733 mins
199 epoch: avg loss 1052.401611328125, class y loss 0.005044837947934866 train accuracy d 1.0, y 1.0, y_weighted 1.0
time passed: 233.6261208931605 mins
200 epoch: avg loss 1054.8790283203125, class y loss 0.005376594606786966 train accuracy d 1.0, y 0.9999908761621489, y_weighted 0.9999910291373618
time passed: 234.79555512269337 mins
[2019-10-31 00:57:46,049] INFO - scvi._settings | Added StreamHandler with custom formatter to 'scvi' logger.
[2019-10-31 01:00:11,030] INFO - scvi.dataset.dataset | Downsampling from 16323 to 784 genes
[2019-10-31 01:00:12,338] INFO - scvi.dataset.dataset | Computing the library size for the new data
[2019-10-31 01:00:12,679] INFO - scvi.dataset.dataset | Filtering non-expressing cells.
[2019-10-31 01:00:13,055] INFO - scvi.dataset.dataset | Computing the library size for the new data
[2019-10-31 01:00:13,252] INFO - scvi.dataset.dataset | Downsampled from 129097 to 129097 cells
/lila/data/leslie/alireza/DIVA-master/paper_experiments/rotated_mnist/additional_unlabeled_domain/add_60
./
./rcc_test_domain_4_sup_only_seed_0
test domain: 4
Traceback (most recent call last):
  File "../rcc_experiment_only_sup.py", line 181, in <module>
    train=True),
  File "./../../../../paper_experiments/rotated_mnist/dataset/rcc_loader.py", line 22, in __init__
    self.train_data, self.train_labels, self.train_domain = self._get_data()
  File "./../../../../paper_experiments/rotated_mnist/dataset/rcc_loader.py", line 139, in _get_data
    batch_train = d[batch_train]
IndexError: index 5 is out of bounds for dimension 0 with size 5
[2019-10-31 01:00:19,521] INFO - scvi._settings | Added StreamHandler with custom formatter to 'scvi' logger.
[2019-10-31 01:03:48,427] INFO - scvi.dataset.dataset | Downsampling from 16323 to 784 genes
[2019-10-31 01:03:50,608] INFO - scvi.dataset.dataset | Computing the library size for the new data
[2019-10-31 01:03:51,018] INFO - scvi.dataset.dataset | Filtering non-expressing cells.
[2019-10-31 01:03:51,471] INFO - scvi.dataset.dataset | Computing the library size for the new data
[2019-10-31 01:03:51,667] INFO - scvi.dataset.dataset | Downsampled from 129097 to 129097 cells
/lila/data/leslie/alireza/DIVA-master/paper_experiments/rotated_mnist/additional_unlabeled_domain/add_60
./
./rcc_test_domain_3_sup_only_seed_0
test domain: 3
Traceback (most recent call last):
  File "../rcc_experiment_only_sup.py", line 181, in <module>
    train=True),
  File "./../../../../paper_experiments/rotated_mnist/dataset/rcc_loader.py", line 22, in __init__
    self.train_data, self.train_labels, self.train_domain = self._get_data()
  File "./../../../../paper_experiments/rotated_mnist/dataset/rcc_loader.py", line 139, in _get_data
    batch_train = d[batch_train]
IndexError: index 5 is out of bounds for dimension 0 with size 5
[2019-10-31 01:04:02,108] INFO - scvi._settings | Added StreamHandler with custom formatter to 'scvi' logger.
[2019-10-31 01:08:11,214] INFO - scvi.dataset.dataset | Downsampling from 16323 to 784 genes
[2019-10-31 01:08:15,100] INFO - scvi.dataset.dataset | Computing the library size for the new data
[2019-10-31 01:08:16,184] INFO - scvi.dataset.dataset | Filtering non-expressing cells.
[2019-10-31 01:08:17,237] INFO - scvi.dataset.dataset | Computing the library size for the new data
[2019-10-31 01:08:18,001] INFO - scvi.dataset.dataset | Downsampled from 129097 to 129097 cells
/lila/data/leslie/alireza/DIVA-master/paper_experiments/rotated_mnist/additional_unlabeled_domain/add_60
./
./rcc_test_domain_2_sup_only_seed_0
test domain: 2
Traceback (most recent call last):
  File "../rcc_experiment_only_sup.py", line 181, in <module>
    train=True),
  File "./../../../../paper_experiments/rotated_mnist/dataset/rcc_loader.py", line 22, in __init__
    self.train_data, self.train_labels, self.train_domain = self._get_data()
  File "./../../../../paper_experiments/rotated_mnist/dataset/rcc_loader.py", line 139, in _get_data
    batch_train = d[batch_train]
IndexError: index 5 is out of bounds for dimension 0 with size 5
[2019-10-31 01:08:32,483] INFO - scvi._settings | Added StreamHandler with custom formatter to 'scvi' logger.
[2019-10-31 01:11:49,889] INFO - scvi.dataset.dataset | Downsampling from 16323 to 784 genes
[2019-10-31 01:11:51,804] INFO - scvi.dataset.dataset | Computing the library size for the new data
[2019-10-31 01:11:52,151] INFO - scvi.dataset.dataset | Filtering non-expressing cells.
[2019-10-31 01:11:52,519] INFO - scvi.dataset.dataset | Computing the library size for the new data
[2019-10-31 01:11:52,713] INFO - scvi.dataset.dataset | Downsampled from 129097 to 129097 cells
/lila/data/leslie/alireza/DIVA-master/paper_experiments/rotated_mnist/additional_unlabeled_domain/add_60
./
./rcc_test_domain_1_sup_only_seed_0
test domain: 1
Traceback (most recent call last):
  File "../rcc_experiment_only_sup.py", line 181, in <module>
    train=True),
  File "./../../../../paper_experiments/rotated_mnist/dataset/rcc_loader.py", line 22, in __init__
    self.train_data, self.train_labels, self.train_domain = self._get_data()
  File "./../../../../paper_experiments/rotated_mnist/dataset/rcc_loader.py", line 139, in _get_data
    batch_train = d[batch_train]
IndexError: index 5 is out of bounds for dimension 0 with size 5
[2019-10-31 01:12:05,655] INFO - scvi._settings | Added StreamHandler with custom formatter to 'scvi' logger.
[2019-10-31 01:15:21,341] INFO - scvi.dataset.dataset | Downsampling from 16323 to 784 genes
[2019-10-31 01:15:24,590] INFO - scvi.dataset.dataset | Computing the library size for the new data
[2019-10-31 01:15:25,779] INFO - scvi.dataset.dataset | Filtering non-expressing cells.
[2019-10-31 01:15:26,999] INFO - scvi.dataset.dataset | Computing the library size for the new data
[2019-10-31 01:15:27,972] INFO - scvi.dataset.dataset | Downsampled from 129097 to 129097 cells
/lila/data/leslie/alireza/DIVA-master/paper_experiments/rotated_mnist/additional_unlabeled_domain/add_60
./
./rcc_test_domain_0_sup_only_seed_0
test domain: 0
Traceback (most recent call last):
  File "../rcc_experiment_only_sup.py", line 181, in <module>
    train=True),
  File "./../../../../paper_experiments/rotated_mnist/dataset/rcc_loader.py", line 22, in __init__
    self.train_data, self.train_labels, self.train_domain = self._get_data()
  File "./../../../../paper_experiments/rotated_mnist/dataset/rcc_loader.py", line 139, in _get_data
    batch_train = d[batch_train]
IndexError: index 5 is out of bounds for dimension 0 with size 5
DeprecationWarning: 'source deactivate' is deprecated. Use 'conda deactivate'.
